<?xml version='1.0' encoding='UTF-8'?>
<VAST version='2.0'>
  <Ad>
    <InLine>
      <AdTitle>Test Creative 30s</AdTitle>
      <Impression><![CDATA[https://ad.doubleclick.net/ddm/trackimp/impression123]]></Impression>
      <Creatives>
        <Creative>
          <Linear>
            <Duration>00:00:30</Duration>
            <TrackingEvents>
              <Tracking event='start'><![CDATA[https://ad.doubleclick.net/ddm/trackevent/start123]]></Tracking>
              <Tracking event='firstQuartile'><![CDATA[https://ad.doubleclick.net/ddm/trackevent/q25]]></Tracking>
            </TrackingEvents>
            <VideoClicks>
              <ClickThrough><![CDATA[https://innovidtech.com/ct?click=https://ad.doubleclick.net/ddm/trackclk/click123]]></ClickThrough>
              <ClickTracking><![CDATA[https://innovidtech.com/clicktrack]]></ClickTracking>
            </VideoClicks>
          </Linear>
        </Creative>
      </Creatives>
    </InLine>
  </Ad>
</VAST>
